[0;34m
████████╗██████╗  █████╗ ██████╗ ██╗███╗   ██╗ ██████╗ 
╚══██╔══╝██╔══██╗██╔══██╗██╔══██╗██║████╗  ██║██╔════╝ 
   ██║   ██████╔╝███████║██║  ██║██║██╔██╗ ██║██║  ███╗
   ██║   ██╔══██╗██╔══██║██║  ██║██║██║╚██╗██║██║   ██║
   ██║   ██║  ██║██║  ██║██████╔╝██║██║ ╚████║╚██████╔╝
   ╚═╝   ╚═╝  ╚═╝╚═╝  ╚═╝╚═════╝ ╚═╝╚═╝  ╚═══╝ ╚═════╝ 
              品質保証システム v1.0                    
[0m
[0;34mℹ️ 品質チェック開始: 2025-07-22 16:19:09[0m
[0;34mℹ️ ログファイル: tasks/outputs/quality-check-20250722_161909.log[0m

[0;35m🔍 前提条件チェック[0m
=====================================

[0;34mℹ️ Node.js バージョン: v22.14.0[0m
[0;34mℹ️ pnpm バージョン: 10.8.0[0m
[0;34mℹ️ TypeScript バージョン: Version 5.8.3[0m

[0;35m🔍 依存関係チェック[0m
=====================================

[0;34mℹ️ package.json を確認中...[0m
[0;32m✅ node_modules が存在します[0m

[0;35m🔍 TypeScript型チェック[0m
=====================================

[0;34mℹ️ TypeScript型チェックを実行中...[0m
undefined
 ERR_PNPM_RECURSIVE_EXEC_FIRST_FAIL  Command "check-types" not found
[0;32m✅ TypeScript型チェック が完了しました[0m

[0;35m🔍 コード品質チェック (Lint)[0m
=====================================

[0;34mℹ️ Lintチェックを実行中...[0m
undefined
 ERR_PNPM_RECURSIVE_EXEC_FIRST_FAIL  Command "lint" not found

Did you mean "pnpm eslint"?
[0;32m✅ Lintチェック が完了しました[0m

[0;35m🔍 テスト実行[0m
=====================================

[0;34mℹ️ 単体テストを実行中...[0m
[0;32m✅ 単体テスト が完了しました[0m
[0;34mℹ️ 統合テストを実行中...[0m
test: --: unexpected operator
[0;32m✅ 統合テスト が完了しました[0m

[0;35m🔍 カバレッジレポート生成[0m
=====================================

[0;34mℹ️ テストカバレッジを生成中...[0m
undefined
 ERR_PNPM_RECURSIVE_EXEC_FIRST_FAIL  Command "test:coverage" not found
[0;32m✅ カバレッジレポート生成 が完了しました[0m

[0;35m🔍 ビルドテスト[0m
=====================================

[0;34mℹ️ プロジェクトビルドを実行中...[0m
undefined
 ERR_PNPM_RECURSIVE_EXEC_FIRST_FAIL  Command "build" not found

Did you mean "pnpm esbuild"?
[0;32m✅ プロジェクトビルド が完了しました[0m

[0;35m🔍 セキュリティ監査[0m
=====================================

[0;34mℹ️ npm audit を実行中...[0m
No known vulnerabilities found
[0;32m✅ セキュリティ監査が完了しました[0m

[0;35m🔍 設定ファイル検証[0m
=====================================

[0;34mℹ️ 設定ファイルの配置を検証中...[0m
[1;33m⚠️ 設定ファイル検証スクリプトが見つかりません[0m

[0;35m🔍 ファイルサイズチェック[0m
=====================================

[0;34mℹ️ 大きなファイルをチェック中...[0m
[1;33m⚠️ 10MB以上のファイルが検出されました:[0m
[1;33m⚠️   ./.git/objects/pack/pack-5913496b43b119118defea82a3e07e5fc918ff22.pack ( 31M)[0m

[0;35m🔍 パフォーマンステスト[0m
=====================================

[0;34mℹ️ パフォーマンステストを実行中...[0m
test: --: unexpected operator

[0;35m🔍 品質チェック結果サマリー[0m
=====================================

[0;34mℹ️ 実行時間: 2秒[0m
[0;34mℹ️ エラー数: 0[0m
[0;34mℹ️ 警告数: 2[0m
[1;33m⚠️ ⚡ 品質チェック合格（警告あり）[0m
[1;33m⚠️ 2 個の警告が発生しましたが、重要な問題はありません。[0m
[0;34mℹ️ 品質レポートが生成されました: tasks/outputs/quality-report-20250722_161909.md[0m

[0;35m🔍 成果物の場所[0m
=====================================

[0;34mℹ️ 📁 ログファイル: tasks/outputs/quality-check-20250722_161909.log[0m
[0;34mℹ️ 📊 レポート: tasks/outputs/quality-report-20250722_161909.md[0m
[0;34mℹ️ 品質チェック完了: 2025-07-22 16:19:11[0m
